SF:c:\Users\AndrewTP\OneDrive\Documentos\Assuresoft\AcademiaDigital\Software Fundamentals\Proyecto\TarifadorCochala\Tarifador\Bicicleta.cs
FN:6,System.Double Bicicleta::getTarifaAgregada()
FNDA:1,System.Double Bicicleta::getTarifaAgregada()
DA:7,1
DA:8,1
DA:9,1
FN:3,System.Void Bicicleta::.ctor()
FNDA:3,System.Void Bicicleta::.ctor()
DA:4,3
LF:4
LH:4
BRF:0
BRH:0
FNF:2
FNH:2
end_of_record
SF:c:\Users\AndrewTP\OneDrive\Documentos\Assuresoft\AcademiaDigital\Software Fundamentals\Proyecto\TarifadorCochala\Tarifador\DescuentoCumple.cs
FN:5,System.Double DescuentoCumple::getPorcentajeDescuento(Usuario)
FNDA:1,System.Double DescuentoCumple::getPorcentajeDescuento(Usuario)
DA:6,1
DA:7,1
DA:8,1
DA:9,0
DA:10,0
DA:12,1
DA:13,1
BRDA:8,33,0,1
BRDA:8,33,1,0
BRDA:8,63,0,0
BRDA:8,63,1,1
FN:2,System.Void DescuentoCumple::.ctor()
FNDA:1,System.Void DescuentoCumple::.ctor()
DA:3,1
LF:8
LH:6
BRF:4
BRH:2
FNF:2
FNH:2
end_of_record
SF:c:\Users\AndrewTP\OneDrive\Documentos\Assuresoft\AcademiaDigital\Software Fundamentals\Proyecto\TarifadorCochala\Tarifador\DescuentoEstudiante.cs
FN:3,System.Double DescuentoEstudiante::getPorcentajeDescuento(Usuario)
FNDA:1,System.Double DescuentoEstudiante::getPorcentajeDescuento(Usuario)
DA:4,1
DA:6,1
DA:8,0
DA:10,1
DA:11,1
BRDA:6,19,0,0
BRDA:6,19,1,1
FN:2,System.Void DescuentoEstudiante::.ctor()
FNDA:1,System.Void DescuentoEstudiante::.ctor()
DA:3,1
LF:6
LH:5
BRF:2
BRH:1
FNF:2
FNH:2
end_of_record
SF:c:\Users\AndrewTP\OneDrive\Documentos\Assuresoft\AcademiaDigital\Software Fundamentals\Proyecto\TarifadorCochala\Tarifador\Hoverboard.cs
FN:6,System.Double Hoverboard::getTarifaAgregada()
FNDA:0,System.Double Hoverboard::getTarifaAgregada()
DA:7,0
DA:8,0
DA:9,0
FN:3,System.Void Hoverboard::.ctor()
FNDA:0,System.Void Hoverboard::.ctor()
DA:4,0
LF:4
LH:0
BRF:0
BRH:0
FNF:2
FNH:0
end_of_record
SF:c:\Users\AndrewTP\OneDrive\Documentos\Assuresoft\AcademiaDigital\Software Fundamentals\Proyecto\TarifadorCochala\Tarifador\PlanMensual.cs
FN:5,System.Double PlanMensual::cobroTotalPorMinuto(IVehiculo)
FNDA:1,System.Double PlanMensual::cobroTotalPorMinuto(IVehiculo)
DA:6,1
DA:7,1
DA:8,1
FN:2,System.Void PlanMensual::.ctor()
FNDA:5,System.Void PlanMensual::.ctor()
DA:3,5
LF:4
LH:4
BRF:0
BRH:0
FNF:2
FNH:2
end_of_record
SF:c:\Users\AndrewTP\OneDrive\Documentos\Assuresoft\AcademiaDigital\Software Fundamentals\Proyecto\TarifadorCochala\Tarifador\PlanRegular.cs
FN:5,System.Double PlanRegular::cobroTotalPorMinuto(IVehiculo)
FNDA:0,System.Double PlanRegular::cobroTotalPorMinuto(IVehiculo)
DA:6,0
DA:7,0
DA:8,0
FN:2,System.Void PlanRegular::.ctor()
FNDA:0,System.Void PlanRegular::.ctor()
DA:3,0
LF:4
LH:0
BRF:0
BRH:0
FNF:2
FNH:0
end_of_record
SF:c:\Users\AndrewTP\OneDrive\Documentos\Assuresoft\AcademiaDigital\Software Fundamentals\Proyecto\TarifadorCochala\Tarifador\Program.cs
FN:6,System.Void Program/<Main>d__0::MoveNext()
FNDA:0,System.Void Program/<Main>d__0::MoveNext()
DA:7,0
DA:8,0
DA:9,0
DA:11,0
DA:12,0
DA:13,0
DA:14,0
DA:16,0
DA:17,0
DA:18,0
DA:19,0
DA:20,0
DA:21,0
DA:22,0
DA:23,0
DA:25,0
DA:26,0
DA:27,0
DA:28,0
DA:29,0
DA:30,0
DA:31,0
DA:34,0
DA:35,0
DA:36,0
DA:37,0
DA:39,0
DA:50,0
DA:51,0
DA:52,0
DA:53,0
DA:54,0
DA:56,0
DA:58,0
DA:59,0
DA:60,0
DA:61,0
DA:62,0
DA:63,0
DA:64,0
DA:68,0
LF:41
LH:0
BRF:0
BRH:0
FNF:1
FNH:0
end_of_record
SF:c:\Users\AndrewTP\OneDrive\Documentos\Assuresoft\AcademiaDigital\Software Fundamentals\Proyecto\TarifadorCochala\Tarifador\Registro.cs
FN:3,IVehiculo Registro::get_vehiculo()
FNDA:4,IVehiculo Registro::get_vehiculo()
DA:4,4
FN:4,System.Int32 Registro::get_minutos()
FNDA:4,System.Int32 Registro::get_minutos()
DA:5,4
FN:5,System.DateOnly Registro::get_fecha()
FNDA:3,System.DateOnly Registro::get_fecha()
DA:6,3
FN:6,System.Double Registro::get_montoRegistro()
FNDA:8,System.Double Registro::get_montoRegistro()
DA:7,8
FN:15,System.Void Registro::calcularMontoRegistro(Usuario,System.Collections.Generic.List`1<IDescuento>)
FNDA:1,System.Void Registro::calcularMontoRegistro(Usuario,System.Collections.Generic.List`1<IDescuento>)
DA:16,1
DA:17,3
DA:18,1
DA:19,1
DA:20,1
FN:8,System.Void Registro::.ctor(IVehiculo,System.Int32)
FNDA:6,System.Void Registro::.ctor(IVehiculo,System.Int32)
DA:9,6
DA:10,3
DA:11,3
DA:12,3
DA:13,3
LF:14
LH:14
BRF:0
BRH:0
FNF:6
FNH:6
end_of_record
SF:c:\Users\AndrewTP\OneDrive\Documentos\Assuresoft\AcademiaDigital\Software Fundamentals\Proyecto\TarifadorCochala\Tarifador\Scooter.cs
FN:6,System.Double Scooter::getTarifaAgregada()
FNDA:0,System.Double Scooter::getTarifaAgregada()
DA:7,0
DA:8,0
DA:9,0
FN:3,System.Void Scooter::.ctor()
FNDA:0,System.Void Scooter::.ctor()
DA:4,0
LF:4
LH:0
BRF:0
BRH:0
FNF:2
FNH:0
end_of_record
SF:c:\Users\AndrewTP\OneDrive\Documentos\Assuresoft\AcademiaDigital\Software Fundamentals\Proyecto\TarifadorCochala\Tarifador\Tarifador.cs
FN:5,System.Collections.Generic.List`1<Usuario> Tarifador::getListaUsuario()
FNDA:2,System.Collections.Generic.List`1<Usuario> Tarifador::getListaUsuario()
DA:6,2
DA:7,2
DA:8,2
FN:9,System.Void Tarifador::addUsuario(Usuario)
FNDA:1,System.Void Tarifador::addUsuario(Usuario)
DA:10,1
DA:11,1
DA:12,1
FN:14,System.Collections.Generic.List`1<Usuario> Tarifador::getListaUsuarios()
FNDA:7,System.Collections.Generic.List`1<Usuario> Tarifador::getListaUsuarios()
DA:15,7
DA:16,7
DA:17,7
FN:19,System.Void Tarifador::addListaUsuarios(System.Collections.Generic.List`1<Usuario>)
FNDA:4,System.Void Tarifador::addListaUsuarios(System.Collections.Generic.List`1<Usuario>)
DA:20,4
DA:21,4
DA:22,4
FN:24,System.Void Tarifador::tarifar(System.Collections.Generic.List`1<IDescuento>)
FNDA:1,System.Void Tarifador::tarifar(System.Collections.Generic.List`1<IDescuento>)
DA:25,1
DA:26,3
DA:27,1
FN:28,System.Void Tarifador::aniadirRegistroAUsuario(System.Int32,Registro)
FNDA:4,System.Void Tarifador::aniadirRegistroAUsuario(System.Int32,Registro)
DA:29,4
DA:30,11
DA:31,4
DA:32,3
DA:33,3
DA:34,3
DA:35,4
BRDA:31,44,0,3
BRDA:31,44,1,4
FN:36,System.Void Tarifador::mostrarMontoPorUsuario()
FNDA:1,System.Void Tarifador::mostrarMontoPorUsuario()
DA:37,1
DA:38,3
DA:39,1
FN:3,System.Void Tarifador::.ctor()
FNDA:8,System.Void Tarifador::.ctor()
DA:4,8
LF:26
LH:26
BRF:2
BRH:2
FNF:8
FNH:8
end_of_record
SF:c:\Users\AndrewTP\OneDrive\Documentos\Assuresoft\AcademiaDigital\Software Fundamentals\Proyecto\TarifadorCochala\Tarifador\Triciclo.cs
FN:5,System.Double Triciclo::getTarifaAgregada()
FNDA:0,System.Double Triciclo::getTarifaAgregada()
DA:6,0
DA:7,0
DA:8,0
FN:2,System.Void Triciclo::.ctor()
FNDA:0,System.Void Triciclo::.ctor()
DA:3,0
LF:4
LH:0
BRF:0
BRH:0
FNF:2
FNH:0
end_of_record
SF:c:\Users\AndrewTP\OneDrive\Documentos\Assuresoft\AcademiaDigital\Software Fundamentals\Proyecto\TarifadorCochala\Tarifador\Usuario.cs
FN:4,System.Int32 Usuario::get_ci()
FNDA:17,System.Int32 Usuario::get_ci()
DA:5,17
FN:5,System.String Usuario::get_nombreCompleto()
FNDA:13,System.String Usuario::get_nombreCompleto()
DA:6,13
FN:7,System.DateOnly Usuario::get_fechaNacimiento()
FNDA:11,System.DateOnly Usuario::get_fechaNacimiento()
DA:8,11
FN:8,System.String Usuario::get_ocupacion()
FNDA:10,System.String Usuario::get_ocupacion()
DA:9,10
FN:9,IPlan Usuario::get_plan()
FNDA:10,IPlan Usuario::get_plan()
DA:10,10
FN:22,System.Void Usuario::mostrarMontoPorPagar()
FNDA:2,System.Void Usuario::mostrarMontoPorPagar()
DA:23,2
DA:24,2
DA:25,2
FN:26,System.Void Usuario::agregarNuevoRegistro(Registro)
FNDA:3,System.Void Usuario::agregarNuevoRegistro(Registro)
DA:27,3
DA:28,3
DA:29,3
FN:30,System.Void Usuario::calcularMontoTotalRegistros(System.Collections.Generic.List`1<IDescuento>)
FNDA:2,System.Void Usuario::calcularMontoTotalRegistros(System.Collections.Generic.List`1<IDescuento>)
DA:31,2
DA:32,2
DA:33,1
DA:34,1
DA:35,1
DA:36,3
DA:38,2
FN:10,System.Void Usuario::.ctor(System.Int32,System.String,System.DateOnly,System.String,IPlan)
FNDA:8,System.Void Usuario::.ctor(System.Int32,System.String,System.DateOnly,System.String,IPlan)
DA:11,8
DA:13,8
DA:15,16
DA:16,8
DA:17,8
DA:18,8
DA:19,8
DA:20,8
DA:21,8
LF:27
LH:27
BRF:0
BRH:0
FNF:9
FNH:9
end_of_record
SF:c:\Users\AndrewTP\OneDrive\Documentos\Assuresoft\AcademiaDigital\Software Fundamentals\Proyecto\TarifadorCochala\Tarifador\DateOnlyJsonConverter.cs
FN:9,System.DateOnly TarifadorJson.DateOnlyJsonConverter::Read(System.Text.Json.Utf8JsonReader&,System.Type,System.Text.Json.JsonSerializerOptions)
FNDA:0,System.DateOnly TarifadorJson.DateOnlyJsonConverter::Read(System.Text.Json.Utf8JsonReader&,System.Type,System.Text.Json.JsonSerializerOptions)
DA:10,0
DA:11,0
DA:12,0
FN:14,System.Void TarifadorJson.DateOnlyJsonConverter::Write(System.Text.Json.Utf8JsonWriter,System.DateOnly,System.Text.Json.JsonSerializerOptions)
FNDA:0,System.Void TarifadorJson.DateOnlyJsonConverter::Write(System.Text.Json.Utf8JsonWriter,System.DateOnly,System.Text.Json.JsonSerializerOptions)
DA:15,0
DA:16,0
DA:17,0
LF:6
LH:0
BRF:0
BRH:0
FNF:2
FNH:0
end_of_record